<?xml version="1.0" encoding="UTF-8"?>
<!-- Generated by org.testng.reporters.JUnitXMLReporter -->
<testsuite ignored="0" hostname="MSI" failures="2" tests="7" name="Test" time="64.418" errors="0" timestamp="2024-09-15T09:07:16 IST">
  <testcase classname="com.simplilearn.MedicareTestingProject.AppTest" name="@AfterTest endTest" time="0.334">
    <failure type="org.openqa.selenium.NoSuchSessionException" message="Session ID is null. Using WebDriver after calling quit()?
Build info: version: &amp;apos;4.24.0&amp;apos;, revision: &amp;apos;748ffc9bc3&amp;apos;
System info: os.name: &amp;apos;Windows 11&amp;apos;, os.arch: &amp;apos;amd64&amp;apos;, os.version: &amp;apos;10.0&amp;apos;, java.version: &amp;apos;17.0.10&amp;apos;
Driver info: org.openqa.selenium.chrome.ChromeDriver
Command: [null, close {}]
Capabilities {acceptInsecureCerts: false, browserName: chrome, browserVersion: 128.0.6613.137, chrome: {chromedriverVersion: 128.0.6613.137 (fe621c5aa2d..., userDataDir: C:\Users\svksh\AppData\Loca...}, fedcm:accounts: true, goog:chromeOptions: {debuggerAddress: localhost:63678}, networkConnectionEnabled: false, pageLoadStrategy: normal, platformName: windows, proxy: Proxy(), se:cdp: ws://localhost:63678/devtoo..., se:cdpVersion: 128.0.6613.137, setWindowRect: true, strictFileInteractability: false, timeouts: {implicit: 0, pageLoad: 300000, script: 30000}, unhandledPromptBehavior: dismiss and notify, webauthn:extension:credBlob: true, webauthn:extension:largeBlob: true, webauthn:extension:minPinLength: true, webauthn:extension:prf: true, webauthn:virtualAuthenticators: true}">
      <![CDATA[org.openqa.selenium.NoSuchSessionException: Session ID is null. Using WebDriver after calling quit()?
Build info: version: '4.24.0', revision: '748ffc9bc3'
System info: os.name: 'Windows 11', os.arch: 'amd64', os.version: '10.0', java.version: '17.0.10'
Driver info: org.openqa.selenium.chrome.ChromeDriver
Command: [null, close {}]
Capabilities {acceptInsecureCerts: false, browserName: chrome, browserVersion: 128.0.6613.137, chrome: {chromedriverVersion: 128.0.6613.137 (fe621c5aa2d..., userDataDir: C:\Users\svksh\AppData\Loca...}, fedcm:accounts: true, goog:chromeOptions: {debuggerAddress: localhost:63678}, networkConnectionEnabled: false, pageLoadStrategy: normal, platformName: windows, proxy: Proxy(), se:cdp: ws://localhost:63678/devtoo..., se:cdpVersion: 128.0.6613.137, setWindowRect: true, strictFileInteractability: false, timeouts: {implicit: 0, pageLoad: 300000, script: 30000}, unhandledPromptBehavior: dismiss and notify, webauthn:extension:credBlob: true, webauthn:extension:largeBlob: true, webauthn:extension:minPinLength: true, webauthn:extension:prf: true, webauthn:virtualAuthenticators: true}
at org.openqa.selenium.remote.HttpCommandExecutor.execute(HttpCommandExecutor.java:151)
at org.openqa.selenium.remote.service.DriverCommandExecutor.invokeExecute(DriverCommandExecutor.java:216)
at org.openqa.selenium.remote.service.DriverCommandExecutor.execute(DriverCommandExecutor.java:174)
at org.openqa.selenium.remote.RemoteWebDriver.execute(RemoteWebDriver.java:545)
at org.openqa.selenium.remote.RemoteWebDriver.execute(RemoteWebDriver.java:618)
at org.openqa.selenium.remote.RemoteWebDriver.execute(RemoteWebDriver.java:622)
at org.openqa.selenium.remote.RemoteWebDriver.close(RemoteWebDriver.java:418)
at com.simplilearn.MedicareTestingProject.AppTest.endTest(AppTest.java:226)
... Removed 24 stack frames]]>
    </failure>
  </testcase> <!-- @AfterTest endTest -->
  <testcase classname="com.simplilearn.MedicareTestingProject.AppTest" name="testSignInMethod" time="37.66"/>
  <testcase classname="APITesting.ApiTesting" name="validateResponseContent" time="1.595"/>
  <testcase classname="APITesting.ApiTesting" name="validatingResponseCode" time="0.034"/>
  <testcase classname="com.simplilearn.MedicareTestingProject.MedicareApp_testingTestng" name="AddProductsToCart" time="1.882"/>
  <testcase classname="com.simplilearn.MedicareTestingProject.MedicareApp_testingTestng" name="SignUpValidationTest" time="11.455">
    <failure type="java.lang.AssertionError" message="user able to register successfully expected [Medicare - Membership] but found [Medicare - Home]">
      <![CDATA[java.lang.AssertionError: user able to register successfully expected [Medicare - Membership] but found [Medicare - Home]
at com.simplilearn.MedicareTestingProject.MedicareApp_testingTestng.SignUpValidationTest(MedicareApp_testingTestng.java:136)
at java.base/java.util.ArrayList.forEach(ArrayList.java:1511)
... Removed 32 stack frames]]>
    </failure>
  </testcase> <!-- SignUpValidationTest -->
  <testcase classname="com.simplilearn.MedicareTestingProject.MedicareApp_testingTestng" name="SuccessfulLiginTest" time="5.337"/>
  <testcase classname="com.simplilearn.MedicareTestingProject.MedicareApp_testingTestng" name="validatingFailedLogin" time="0.996">
    <failure type="java.lang.AssertionError" message="expected [Username and Password is invalid!] but found [Antipyretics
Analgesics
Antibiotics]">
      <![CDATA[java.lang.AssertionError: expected [Username and Password is invalid!] but found [Antipyretics
Analgesics
Antibiotics]
at com.simplilearn.MedicareTestingProject.MedicareApp_testingTestng.validatingFailedLogin(MedicareApp_testingTestng.java:158)
at java.base/java.util.ArrayList.forEach(ArrayList.java:1511)
... Removed 33 stack frames]]>
    </failure>
  </testcase> <!-- validatingFailedLogin -->
</testsuite> <!-- Test -->
